{"message":"Unauthorized request to path: /api/folders/","level":"error"}
{"message":"database \"noteful\" does not exist","level":"error"}
{"message":"Unauthorized request to path: /api/folders/","level":"error"}
{"message":"database \"noteful\" does not exist","level":"error"}
{"message":"Unauthorized request to path: /api/folders/","level":"error"}
{"message":"database \"noteful\" does not exist","level":"error"}
{"message":"Unauthorized request to path: /api/folders/","level":"error"}
{"message":"Unauthorized request to path: /api/folders/","level":"error"}
{"message":"Unauthorized request to path: /api/folders/","level":"error"}
{"message":"Unauthorized request to path: /api/folders/","level":"error"}
{"message":"database \"noteful\" does not exist","level":"error"}
{"message":"Unauthorized request to path: /api/folders/","level":"error"}
{"message":"Unauthorized request to path: /api/folders/2001","level":"error"}
{"message":"Unauthorized request to path: /api/notes","level":"error"}
{"message":"Unauthorized request to path: /api/folders","level":"error"}
{"message":"Unauthorized request to path: /api/folders","level":"error"}
{"message":"Unexpected token n in JSON at position 0","level":"error"}
{"message":"Unauthorized request to path: /api/folders","level":"error"}
{"message":"Unauthorized request to path: /api/folders","level":"error"}
{"message":"Unauthorized request to path: /api/folders","level":"error"}
{"message":"Unauthorized request to path: /api/folders","level":"error"}
{"message":"Unauthorized request to path: /api/folders","level":"error"}
{"message":"Unexpected string in JSON at position 19","level":"error"}
{"message":"Unauthorized request to path: /api/folders","level":"error"}
{"message":"Unauthorized request to path: /api/folders","level":"error"}
{"message":"Unauthorized request to path: /api/folders","level":"error"}
{"message":"Unauthorized request to path: /api/folders","level":"error"}
{"message":"Unauthorized request to path: /api/folders","level":"error"}
{"message":"Unauthorized request to path: /api/notes","level":"error"}
{"message":"Unauthorized request to path: /api/notes","level":"error"}
{"message":"Unauthorized request to path: /api/folders","level":"error"}
{"message":"Unauthorized request to path: /api/notes","level":"error"}
{"message":"Unauthorized request to path: /api/notes","level":"error"}
{"message":"Unauthorized request to path: /api/notes","level":"error"}
{"message":"Unauthorized request to path: /api/notes","level":"error"}
{"message":"Unauthorized request to path: /api/folders","level":"error"}
{"message":"Unauthorized request to path: /api/folders","level":"error"}
{"message":"Unauthorized request to path: /api/notes","level":"error"}
{"message":"Unauthorized request to path: /api/notes","level":"error"}
{"message":"Unauthorized request to path: /api/notes","level":"error"}
{"message":"Unauthorized request to path: /api/notes","level":"error"}
{"message":"Unauthorized request to path: /api/notes","level":"error"}
{"message":"Unauthorized request to path: /","level":"error"}
{"message":"Unauthorized request to path: /api/notes/","level":"error"}
{"message":"Unauthorized request to path: /api/notes","level":"error"}
{"message":"Unauthorized request to path: /api/notes","level":"error"}
{"message":"Unauthorized request to path: /api/notes","level":"error"}
{"message":"Unauthorized request to path: /api/notes","level":"error"}
{"message":"Unauthorized request to path: /api/folders","level":"error"}
{"message":"Unauthorized request to path: /api/folders","level":"error"}
{"message":"Unauthorized request to path: /api/notes","level":"error"}
{"message":"Unauthorized request to path: /api/folders","level":"error"}
{"message":"Unauthorized request to path: /api/notes","level":"error"}
{"message":"Unauthorized request to path: /api/notes/3","level":"error"}
{"message":"Unauthorized request to path: /api/notes/%223","level":"error"}
{"message":"Unauthorized request to path: /api/notes/","level":"error"}
{"message":"Unauthorized request to path: /api/notes/","level":"error"}
{"message":"Unauthorized request to path: /api/notes/","level":"error"}
{"message":"Unauthorized request to path: /api/notes/","level":"error"}
{"message":"Unauthorized request to path: /api/notes","level":"error"}
{"message":"Unauthorized request to path: /api/notes","level":"error"}
{"message":"Unauthorized request to path: /api/notes","level":"error"}
{"message":"Unauthorized request to path: /api/notes","level":"error"}
{"message":"Unauthorized request to path: /api/notes","level":"error"}
{"message":"Unauthorized request to path: /api/notes","level":"error"}
{"message":"Unauthorized request to path: /api/folders","level":"error"}
{"message":"Unauthorized request to path: /api/folders/2015","level":"error"}
{"message":"Unauthorized request to path: /api/notes/3","level":"error"}
{"message":"Unauthorized request to path: /api/notes","level":"error"}
{"message":"Unauthorized request to path: /api/notes/3","level":"error"}
{"message":"Unauthorized request to path: /api/notes/","level":"error"}
{"message":"Unauthorized request to path: /api/notes/","level":"error"}
{"message":"Unauthorized request to path: /api/notes/3","level":"error"}
{"message":"Unauthorized request to path: /api/notes/","level":"error"}
{"message":"Unauthorized request to path: /api/notes/4","level":"error"}
{"message":"Unauthorized request to path: /api/notes/4","level":"error"}
{"message":"Unauthorized request to path: /","level":"error"}
{"message":"Unauthorized request to path: /folders/2001","level":"error"}
{"message":"Unauthorized request to path: /folders","level":"error"}
{"message":"Unauthorized request to path: /api/folders","level":"error"}
{"message":"Unauthorized request to path: /api/folders/2001","level":"error"}
{"message":"Unauthorized request to path: /api/notes","level":"error"}
{"message":"Unauthorized request to path: /api/notes/4","level":"error"}
{"message":"Unauthorized request to path: /api/note","level":"error"}
{"message":"Unauthorized request to path: /api/notes","level":"error"}
{"message":"Unauthorized request to path: /api/notes/4","level":"error"}
{"message":"Unauthorized request to path: /api/notes/4","level":"error"}
{"message":"Unauthorized request to path: /api/notes/4","level":"error"}
{"message":"note_id is not defined","level":"error"}
{"message":"Unauthorized request to path: /api/notes/4","level":"error"}
{"message":"notes_id is not defined","level":"error"}
{"message":"Unauthorized request to path: /api/notes/4","level":"error"}
{"message":"notes_id is not defined","level":"error"}
{"message":"Unauthorized request to path: /api/notes/4","level":"error"}
{"message":"Unauthorized request to path: /api/notes/4","level":"error"}
{"message":"Unauthorized request to path: /api/notes/4","level":"error"}
{"message":"Unauthorized request to path: /api/notes/4","level":"error"}
{"message":"Unauthorized request to path: /api/notes","level":"error"}
{"message":"Unauthorized request to path: /api/notes","level":"error"}
{"message":"Unauthorized request to path: /api/notes","level":"error"}
{"message":"Unauthorized request to path: /api/notes","level":"error"}
{"message":"name is required","level":"error"}
{"message":"Unauthorized request to path: /api/notes","level":"error"}
{"message":"Unauthorized request to path: /api/folders","level":"error"}
{"message":"Unauthorized request to path: /api/folders","level":"error"}
{"message":"Unauthorized request to path: /api/folders","level":"error"}
{"message":"Unauthorized request to path: /api/folders","level":"error"}
{"message":"Unauthorized request to path: /api/folders/2001","level":"error"}
{"message":"folder_id is not defined","level":"error"}
{"message":"Unauthorized request to path: /api/folders/2002","level":"error"}
{"message":"folder_id is not defined","level":"error"}
{"message":"Unauthorized request to path: /api/folders/2002","level":"error"}
{"message":"Unauthorized request to path: /api/folders/2003","level":"error"}
{"message":"Unauthorized request to path: /notes","level":"error"}
{"message":"Unauthorized request to path: /folders","level":"error"}
{"message":"Unauthorized request to path: /notes","level":"error"}
{"message":"Unauthorized request to path: /folders","level":"error"}
{"message":"Unauthorized request to path: /notes","level":"error"}
{"message":"Unauthorized request to path: /folders","level":"error"}
{"message":"Unauthorized request to path: /notes","level":"error"}
{"message":"Unauthorized request to path: /folders","level":"error"}
{"message":"Unauthorized request to path: /notes","level":"error"}
{"message":"Unauthorized request to path: /folders","level":"error"}
{"message":"Unauthorized request to path: /","level":"error"}
{"message":"Unauthorized request to path: /","level":"error"}
{"message":"Unauthorized request to path: /api/folders/2003","level":"error"}
{"message":"Folder with id 2003 not found.","level":"error"}
{"message":"Unauthorized request to path: /api/folders/","level":"error"}
{"message":"Unauthorized request to path: /api/notes","level":"error"}
{"message":"Unauthorized request to path: /api/folders","level":"error"}
{"message":"Unauthorized request to path: /api/notes","level":"error"}
{"message":"Unauthorized request to path: /api/folders","level":"error"}
{"message":"Unauthorized request to path: /api/notes","level":"error"}
{"message":"Unauthorized request to path: /api/folders","level":"error"}
{"message":"Unauthorized request to path: /notes","level":"error"}
{"message":"Unauthorized request to path: /folders","level":"error"}
{"message":"Unauthorized request to path: /api/notes","level":"error"}
{"message":"Unauthorized request to path: /api/folders","level":"error"}
{"message":"Unauthorized request to path: /api/notes","level":"error"}
{"message":"Unauthorized request to path: /api/folders","level":"error"}
{"message":"Unauthorized request to path: /api/notes","level":"error"}
{"message":"Unauthorized request to path: /api/folders","level":"error"}
{"message":"Unauthorized request to path: /api/notes","level":"error"}
{"message":"Unauthorized request to path: /api/notes","level":"error"}
{"message":"Unauthorized request to path: /api/notes","level":"error"}
{"message":"Unauthorized request to path: /api/notes","level":"error"}
{"message":"Unauthorized request to path: /api/notes/6","level":"error"}
{"message":"Unauthorized request to path: /api/notes/6","level":"error"}
{"message":"Unauthorized request to path: /api/notes/5","level":"error"}
{"message":"Unauthorized request to path: /api/notes/4","level":"error"}
{"message":"Unauthorized request to path: /api/notes","level":"error"}
{"message":"Unauthorized request to path: /api/folders","level":"error"}
{"message":"Unauthorized request to path: /api/notes","level":"error"}
{"message":"Unauthorized request to path: /api/folders","level":"error"}
{"message":"Unauthorized request to path: /api/notes","level":"error"}
{"message":"Unauthorized request to path: /api/notes","level":"error"}
{"message":"Unauthorized request to path: /api/folders","level":"error"}
{"message":"Unauthorized request to path: /api/notes","level":"error"}
{"message":"Unauthorized request to path: /api/folders","level":"error"}
{"message":"Unauthorized request to path: /api/notes","level":"error"}
{"message":"Unauthorized request to path: /api/folders","level":"error"}
{"message":"Unauthorized request to path: /api/folders","level":"error"}
{"message":"Unauthorized request to path: /api/notes","level":"error"}
{"message":"Unauthorized request to path: /api/folders","level":"error"}
{"message":"Unauthorized request to path: /api/notes","level":"error"}
{"message":"folder is required","level":"error"}
{"message":"Unauthorized request to path: /api/notes","level":"error"}
{"message":"folder is required","level":"error"}
{"message":"Unauthorized request to path: /api/notes","level":"error"}
{"message":"Unauthorized request to path: /api/folders","level":"error"}
{"message":"Unauthorized request to path: /api/notes","level":"error"}
{"message":"Unauthorized request to path: /api/folders","level":"error"}
{"message":"Unauthorized request to path: /api/notes","level":"error"}
{"message":"folder is required","level":"error"}
{"message":"Unauthorized request to path: /api/notes","level":"error"}
{"message":"folder is required","level":"error"}
{"message":"Unauthorized request to path: /api/notes","level":"error"}
{"message":"folder is required","level":"error"}
{"message":"Unauthorized request to path: /api/notes","level":"error"}
{"message":"folder is required","level":"error"}
{"message":"Unauthorized request to path: /api/notes","level":"error"}
{"message":"folder is required","level":"error"}
{"message":"Unauthorized request to path: /api/notes","level":"error"}
{"message":"folder is required","level":"error"}
{"message":"Unauthorized request to path: /api/notes/21","level":"error"}
{"message":"Unauthorized request to path: /api/notes/21","level":"error"}
{"message":"Unauthorized request to path: /api/notes/21","level":"error"}
{"message":"Unauthorized request to path: /api/notes/21","level":"error"}
{"message":"Unauthorized request to path: /api/notes/21","level":"error"}
{"message":"Unauthorized request to path: /api/notes","level":"error"}
{"message":"Unauthorized request to path: /api/folders","level":"error"}
{"message":"Unauthorized request to path: /api/notes","level":"error"}
{"message":"folder is required","level":"error"}
{"message":"Unauthorized request to path: /api/folders","level":"error"}
{"message":"Unauthorized request to path: /api/notes","level":"error"}
{"message":"folder is required","level":"error"}
{"message":"Unauthorized request to path: /api/notes","level":"error"}
{"message":"Unauthorized request to path: /api/folders","level":"error"}
{"message":"Unauthorized request to path: /api/notes","level":"error"}
{"message":"Unauthorized request to path: /api/folders","level":"error"}
{"message":"Unauthorized request to path: /api/notes","level":"error"}
{"message":"Unauthorized request to path: /api/folders","level":"error"}
{"message":"Unauthorized request to path: /api/notes","level":"error"}
{"message":"Unauthorized request to path: /api/folders","level":"error"}
{"message":"Unauthorized request to path: /api/notes","level":"error"}
{"message":"folder is required","level":"error"}
{"message":"Unauthorized request to path: /api/notes","level":"error"}
{"message":"Unauthorized request to path: /api/folders","level":"error"}
{"message":"Unauthorized request to path: /api/notes","level":"error"}
{"message":"folder is required","level":"error"}
{"message":"Unauthorized request to path: /api/notes","level":"error"}
{"message":"Unauthorized request to path: /api/folders","level":"error"}
{"message":"Unauthorized request to path: /api/notes","level":"error"}
{"message":"Unauthorized request to path: /api/folders","level":"error"}
{"message":"Unauthorized request to path: /api/notes","level":"error"}
{"message":"folder is required","level":"error"}
{"message":"Unauthorized request to path: /api/notes","level":"error"}
{"message":"Unauthorized request to path: /api/folders","level":"error"}
{"message":"Unauthorized request to path: /api/notes","level":"error"}
{"message":"folder is required","level":"error"}
{"message":"Unauthorized request to path: /api/notes","level":"error"}
{"message":"Unauthorized request to path: /api/folders","level":"error"}
{"message":"Unauthorized request to path: /api/notes","level":"error"}
{"message":"Unauthorized request to path: /api/folders","level":"error"}
{"message":"Unauthorized request to path: /api/notes","level":"error"}
{"message":"Unauthorized request to path: /api/notes","level":"error"}
{"message":"Unauthorized request to path: /api/folders","level":"error"}
{"message":"Unauthorized request to path: /api/notes","level":"error"}
{"message":"Unauthorized request to path: /api/folders","level":"error"}
{"message":"Unauthorized request to path: /api/notes","level":"error"}
{"message":"Unauthorized request to path: /api/folders","level":"error"}
{"message":"Unauthorized request to path: /api/notes/3","level":"error"}
{"message":"Unauthorized request to path: /api/notes/3","level":"error"}
{"message":"Unauthorized request to path: /api/notes","level":"error"}
{"message":"Unauthorized request to path: /api/folders","level":"error"}
{"message":"Unauthorized request to path: /api/notes/4","level":"error"}
{"message":"Unauthorized request to path: /api/notes","level":"error"}
{"message":"Unauthorized request to path: /api/folders","level":"error"}
{"message":"Unauthorized request to path: /api/notes","level":"error"}
{"message":"Unauthorized request to path: /api/folders","level":"error"}
{"message":"Unauthorized request to path: /api/notes","level":"error"}
{"message":"Unauthorized request to path: /api/folders","level":"error"}
{"message":"Unauthorized request to path: /api/notes","level":"error"}
{"message":"Unauthorized request to path: /api/folders","level":"error"}
{"message":"Unauthorized request to path: /api/notes/5","level":"error"}
{"message":"Unauthorized request to path: /api/notes","level":"error"}
{"message":"Unauthorized request to path: /api/folders","level":"error"}
{"message":"Unauthorized request to path: /api/notes","level":"error"}
{"message":"Unauthorized request to path: /api/folders","level":"error"}
{"message":"Unauthorized request to path: /api/notes","level":"error"}
{"message":"Unauthorized request to path: /api/folders","level":"error"}
{"message":"Unauthorized request to path: /api/notes","level":"error"}
{"message":"Unauthorized request to path: /api/folders","level":"error"}
{"message":"Unauthorized request to path: /api/notes","level":"error"}
{"message":"Unauthorized request to path: /api/folders","level":"error"}
{"message":"Unauthorized request to path: /api/notes","level":"error"}
{"message":"Unauthorized request to path: /api/folders","level":"error"}
{"message":"Unauthorized request to path: /api/notes","level":"error"}
{"message":"Unauthorized request to path: /api/folders","level":"error"}
{"message":"Unauthorized request to path: /api/notes","level":"error"}
{"message":"Unauthorized request to path: /api/folders","level":"error"}
{"message":"Unauthorized request to path: /api/notes","level":"error"}
{"message":"Unauthorized request to path: /api/folders","level":"error"}
{"message":"Unauthorized request to path: /api/notes","level":"error"}
{"message":"Unauthorized request to path: /api/folders","level":"error"}
